<?xml version="1.0" encoding="UTF-8"?>
<testsuite name="test.TestJdbc" time="0.429" tests="1" errors="1" skipped="0" failures="0">
  <properties>
[...]
</properties>
  <testcase name="test" classname="test.TestJdbc" time="0.429">
    <error message="StatementCallback; bad SQL grammar [select count(*) from persona]; nested exception is java.sql.SQLSyntaxErrorException: Table &apos;springpruebas.persona&apos; doesn&apos;t exist" type="org.springframework.jdbc.BadSqlGrammarException">org.springframework.jdbc.BadSqlGrammarException: StatementCallback; bad SQL grammar [select count(*) from persona]; nested exception is java.sql.SQLSyntaxErrorException: Table 'springpruebas.persona' doesn't exist
	at com.mysql.cj.jdbc.exceptions.SQLError.createSQLException(SQLError.java:536)
	at com.mysql.cj.jdbc.exceptions.SQLError.createSQLException(SQLError.java:513)
	at com.mysql.cj.jdbc.exceptions.SQLExceptionsMapping.translateException(SQLExceptionsMapping.java:115)
	at com.mysql.cj.jdbc.ConnectionImpl.execSQL(ConnectionImpl.java:1983)
	at com.mysql.cj.jdbc.ConnectionImpl.execSQL(ConnectionImpl.java:1936)
	at com.mysql.cj.jdbc.StatementImpl.executeQuery(StatementImpl.java:1422)
	at org.springframework.jdbc.core.JdbcTemplate$1QueryStatementCallback.doInStatement(JdbcTemplate.java:458)
	at org.springframework.jdbc.core.JdbcTemplate.execute(JdbcTemplate.java:408)
	at org.springframework.jdbc.core.JdbcTemplate.query(JdbcTemplate.java:474)
	at org.springframework.jdbc.core.JdbcTemplate.query(JdbcTemplate.java:484)
	at org.springframework.jdbc.core.JdbcTemplate.queryForObject(JdbcTemplate.java:494)
	at org.springframework.jdbc.core.JdbcTemplate.queryForObject(JdbcTemplate.java:500)
	at test.TestJdbc.test(TestJdbc.java:26)
</error>
    <system-out><![CDATA[1    [main] INFO  org.springframework.test.context.support.DefaultTestContextBootstrapper  - Loaded default TestExecutionListener class names from location [META-INF/spring.factories]: [org.springframework.test.context.web.ServletTestExecutionListener, org.springframework.test.context.support.DirtiesContextBeforeModesTestExecutionListener, org.springframework.test.context.support.DependencyInjectionTestExecutionListener, org.springframework.test.context.support.DirtiesContextTestExecutionListener, org.springframework.test.context.transaction.TransactionalTestExecutionListener, org.springframework.test.context.jdbc.SqlScriptsTestExecutionListener]
	18   [main] INFO  org.springframework.test.context.support.DefaultTestContextBootstrapper  - Could not instantiate TestExecutionListener [org.springframework.test.context.web.ServletTestExecutionListener]. Specify custom listener classes or make the default listener classes (and their required dependencies) available. Offending class: [javax/servlet/ServletContext]
	32   [main] INFO  org.springframework.test.context.support.DefaultTestContextBootstrapper  - Using TestExecutionListeners: [org.springframework.test.context.support.DirtiesContextBeforeModesTestExecutionListener@53b32d7, org.springframework.test.context.support.DependencyInjectionTestExecutionListener@5442a311, org.springframework.test.context.support.DirtiesContextTestExecutionListener@548e7350, org.springframework.test.context.transaction.TransactionalTestExecutionListener@1a968a59, org.springframework.test.context.jdbc.SqlScriptsTestExecutionListener@4667ae56]
	98   [main] INFO  org.springframework.beans.factory.xml.XmlBeanDefinitionReader  - Loading XML bean definitions from class path resource [datasource-test.xml]
	265  [main] INFO  org.springframework.context.support.GenericApplicationContext  - Refreshing org.springframework.context.support.GenericApplicationContext@66480dd7: startup date [Wed Jul 12 21:06:52 PET 2017]; root of context hierarchy
	415  [main] INFO  org.springframework.jdbc.datasource.DriverManagerDataSource  - Loaded JDBC driver: com.mysql.jdbc.Driver
	529  [main] INFO  TestJdbc  - Inicio del Test jdbc
	868  [main] INFO  org.springframework.beans.factory.xml.XmlBeanDefinitionReader  - Loading XML bean definitions from class path resource [org/springframework/jdbc/support/sql-error-codes.xml]
	936  [main] INFO  org.springframework.jdbc.support.SQLErrorCodesFactory  - SQLErrorCodes loaded: [DB2, Derby, H2, HSQL, Informix, MS-SQL, MySQL, Oracle, PostgreSQL, Sybase, Hana]
	]]></system-out>
    <system-err><![CDATA[Loading class `com.mysql.jdbc.Driver'. This is deprecated. The new driver class is `com.mysql.cj.jdbc.Driver'. The driver is automatically registered via the SPI and manual loading of the driver class is generally unnecessary.
Wed Jul 12 21:06:53 PET 2017 WARN: Establishing SSL connection without server's identity verification is not recommended. According to MySQL 5.5.45+, 5.6.26+ and 5.7.6+ requirements SSL connection must be established by default if explicit option isn't set. For compliance with existing applications not using SSL the verifyServerCertificate property is set to 'false'. You need either to explicitly disable SSL by setting useSSL=false, or set useSSL=true and provide truststore for server certificate verification.
Wed Jul 12 21:06:53 PET 2017 WARN: Establishing SSL connection without server's identity verification is not recommended. According to MySQL 5.5.45+, 5.6.26+ and 5.7.6+ requirements SSL connection must be established by default if explicit option isn't set. For compliance with existing applications not using SSL the verifyServerCertificate property is set to 'false'. You need either to explicitly disable SSL by setting useSSL=false, or set useSSL=true and provide truststore for server certificate verification.
]]></system-err>
  </testcase>
</testsuite>