<?xml version="1.0" encoding="UTF-8"?>
<testsuite name="test.TestPersonasDaoImpl" time="0.097" tests="2" errors="2" skipped="0" failures="0">
  <properties>
[...]
</properties>
  <testcase name="deneriaMostrarPersonas" classname="test.TestPersonasDaoImpl" time="0.071">
    <error message="StatementCallback; bad SQL grammar [select id_persona,nombre,ape_paterno,ape_materno,email from Persona]; nested exception is java.sql.SQLSyntaxErrorException: Table &apos;springpruebas.Persona&apos; doesn&apos;t exist" type="org.springframework.jdbc.BadSqlGrammarException">org.springframework.jdbc.BadSqlGrammarException: StatementCallback; bad SQL grammar [select id_persona,nombre,ape_paterno,ape_materno,email from Persona]; nested exception is java.sql.SQLSyntaxErrorException: Table 'springpruebas.Persona' doesn't exist
	at com.mysql.cj.jdbc.exceptions.SQLError.createSQLException(SQLError.java:536)
	at com.mysql.cj.jdbc.exceptions.SQLError.createSQLException(SQLError.java:513)
	at com.mysql.cj.jdbc.exceptions.SQLExceptionsMapping.translateException(SQLExceptionsMapping.java:115)
	at com.mysql.cj.jdbc.ConnectionImpl.execSQL(ConnectionImpl.java:1983)
	at com.mysql.cj.jdbc.ConnectionImpl.execSQL(ConnectionImpl.java:1936)
	at com.mysql.cj.jdbc.StatementImpl.executeQuery(StatementImpl.java:1422)
	at org.springframework.jdbc.core.JdbcTemplate$1QueryStatementCallback.doInStatement(JdbcTemplate.java:458)
	at org.springframework.jdbc.core.JdbcTemplate.execute(JdbcTemplate.java:408)
	at org.springframework.jdbc.core.JdbcTemplate.query(JdbcTemplate.java:474)
	at org.springframework.jdbc.core.JdbcTemplate.query(JdbcTemplate.java:484)
	at com.mycompany.jdbc.PersonaDaoImpl.findAllPersonas(PersonaDaoImpl.java:77)
	at test.TestPersonasDaoImpl.deneriaMostrarPersonas(TestPersonasDaoImpl.java:32)
</error>
    <system-out><![CDATA[960  [main] INFO  org.springframework.test.context.support.DefaultTestContextBootstrapper  - Loaded default TestExecutionListener class names from location [META-INF/spring.factories]: [org.springframework.test.context.web.ServletTestExecutionListener, org.springframework.test.context.support.DirtiesContextBeforeModesTestExecutionListener, org.springframework.test.context.support.DependencyInjectionTestExecutionListener, org.springframework.test.context.support.DirtiesContextTestExecutionListener, org.springframework.test.context.transaction.TransactionalTestExecutionListener, org.springframework.test.context.jdbc.SqlScriptsTestExecutionListener]
	961  [main] INFO  org.springframework.test.context.support.DefaultTestContextBootstrapper  - Could not instantiate TestExecutionListener [org.springframework.test.context.web.ServletTestExecutionListener]. Specify custom listener classes or make the default listener classes (and their required dependencies) available. Offending class: [javax/servlet/ServletContext]
	961  [main] INFO  org.springframework.test.context.support.DefaultTestContextBootstrapper  - Using TestExecutionListeners: [org.springframework.test.context.support.DirtiesContextBeforeModesTestExecutionListener@2a54a73f, org.springframework.test.context.support.DependencyInjectionTestExecutionListener@16a0ee18, org.springframework.test.context.support.DirtiesContextTestExecutionListener@3d6f0054, org.springframework.test.context.transaction.TransactionalTestExecutionListener@505fc5a4, org.springframework.test.context.jdbc.SqlScriptsTestExecutionListener@5fbdfdcf]
	963  [main] INFO  org.springframework.beans.factory.xml.XmlBeanDefinitionReader  - Loading XML bean definitions from class path resource [datasource-test.xml]
	1005 [main] INFO  org.springframework.beans.factory.xml.XmlBeanDefinitionReader  - Loading XML bean definitions from class path resource [ApplicationContext.xml]
	1093 [main] INFO  org.springframework.context.support.GenericApplicationContext  - Refreshing org.springframework.context.support.GenericApplicationContext@4efc180e: startup date [Wed Jul 12 21:06:53 PET 2017]; root of context hierarchy
	1157 [main] INFO  org.springframework.jdbc.datasource.DriverManagerDataSource  - Loaded JDBC driver: com.mysql.jdbc.Driver
	1220 [main] INFO  TestPersonasDaoImpl  - Inicio del test deberiaMostrarPersonas
	]]></system-out>
    <system-err><![CDATA[Wed Jul 12 21:06:53 PET 2017 WARN: Establishing SSL connection without server's identity verification is not recommended. According to MySQL 5.5.45+, 5.6.26+ and 5.7.6+ requirements SSL connection must be established by default if explicit option isn't set. For compliance with existing applications not using SSL the verifyServerCertificate property is set to 'false'. You need either to explicitly disable SSL by setting useSSL=false, or set useSSL=true and provide truststore for server certificate verification.
Wed Jul 12 21:06:53 PET 2017 WARN: Establishing SSL connection without server's identity verification is not recommended. According to MySQL 5.5.45+, 5.6.26+ and 5.7.6+ requirements SSL connection must be established by default if explicit option isn't set. For compliance with existing applications not using SSL the verifyServerCertificate property is set to 'false'. You need either to explicitly disable SSL by setting useSSL=false, or set useSSL=true and provide truststore for server certificate verification.
]]></system-err>
  </testcase>
  <testcase name="testContarPersonasPorNombre" classname="test.TestPersonasDaoImpl" time="0.026">
    <error message="PreparedStatementCallback; bad SQL grammar [select count(*) from persona where nombre = ?]; nested exception is java.sql.SQLSyntaxErrorException: Table &apos;springpruebas.persona&apos; doesn&apos;t exist" type="org.springframework.jdbc.BadSqlGrammarException">org.springframework.jdbc.BadSqlGrammarException: PreparedStatementCallback; bad SQL grammar [select count(*) from persona where nombre = ?]; nested exception is java.sql.SQLSyntaxErrorException: Table 'springpruebas.persona' doesn't exist
	at com.mysql.cj.jdbc.exceptions.SQLError.createSQLException(SQLError.java:536)
	at com.mysql.cj.jdbc.exceptions.SQLError.createSQLException(SQLError.java:513)
	at com.mysql.cj.jdbc.exceptions.SQLExceptionsMapping.translateException(SQLExceptionsMapping.java:115)
	at com.mysql.cj.jdbc.ConnectionImpl.execSQL(ConnectionImpl.java:1983)
	at com.mysql.cj.jdbc.PreparedStatement.executeInternal(PreparedStatement.java:1826)
	at com.mysql.cj.jdbc.PreparedStatement.executeQuery(PreparedStatement.java:1923)
	at org.springframework.jdbc.core.JdbcTemplate$1.doInPreparedStatement(JdbcTemplate.java:692)
	at org.springframework.jdbc.core.JdbcTemplate.execute(JdbcTemplate.java:633)
	at org.springframework.jdbc.core.JdbcTemplate.query(JdbcTemplate.java:684)
	at org.springframework.jdbc.core.JdbcTemplate.query(JdbcTemplate.java:711)
	at org.springframework.jdbc.core.JdbcTemplate.query(JdbcTemplate.java:761)
	at org.springframework.jdbc.core.namedparam.NamedParameterJdbcTemplate.queryForObject(NamedParameterJdbcTemplate.java:211)
	at org.springframework.jdbc.core.namedparam.NamedParameterJdbcTemplate.queryForObject(NamedParameterJdbcTemplate.java:226)
	at com.mycompany.jdbc.PersonaDaoImpl.contadorPersonasPorNombre(PersonaDaoImpl.java:89)
	at test.TestPersonasDaoImpl.testContarPersonasPorNombre(TestPersonasDaoImpl.java:50)
</error>
    <system-out><![CDATA[1292 [main] INFO  TestPersonasDaoImpl  - contar personas por nombre
	]]></system-out>
    <system-err><![CDATA[Wed Jul 12 21:06:53 PET 2017 WARN: Establishing SSL connection without server's identity verification is not recommended. According to MySQL 5.5.45+, 5.6.26+ and 5.7.6+ requirements SSL connection must be established by default if explicit option isn't set. For compliance with existing applications not using SSL the verifyServerCertificate property is set to 'false'. You need either to explicitly disable SSL by setting useSSL=false, or set useSSL=true and provide truststore for server certificate verification.
]]></system-err>
  </testcase>
</testsuite>